TN:
SF:src/FaceValue.ts
FN:42,FaceValue
FN:63,get minimumLength
FN:74,compare
FN:81,copy
FNF:4
FNH:3
FNDA:20,FaceValue
FNDA:16,get minimumLength
FNDA:0,compare
FNDA:12,copy
DA:1,1
DA:2,1
DA:3,1
DA:4,1
DA:5,1
DA:6,1
DA:7,1
DA:8,1
DA:9,1
DA:10,1
DA:11,1
DA:12,1
DA:13,1
DA:14,1
DA:15,1
DA:16,1
DA:17,1
DA:18,1
DA:19,1
DA:20,1
DA:21,1
DA:22,1
DA:23,1
DA:24,1
DA:25,1
DA:26,1
DA:27,1
DA:28,1
DA:29,1
DA:30,1
DA:31,1
DA:32,1
DA:33,1
DA:34,1
DA:35,1
DA:36,1
DA:37,1
DA:38,1
DA:39,1
DA:40,1
DA:41,1
DA:42,1
DA:43,20
DA:44,20
DA:45,20
DA:46,8
DA:47,20
DA:48,20
DA:49,20
DA:50,20
DA:51,20
DA:52,16
DA:53,16
DA:54,16
DA:55,4
DA:56,4
DA:57,4
DA:58,4
DA:59,4
DA:60,4
DA:61,20
DA:62,1
DA:63,1
DA:64,16
DA:65,16
DA:66,16
DA:67,16
DA:68,16
DA:69,16
DA:70,1
DA:71,1
DA:72,1
DA:73,1
DA:74,1
DA:75,0
DA:76,0
DA:77,1
DA:78,1
DA:79,1
DA:80,1
DA:81,1
DA:82,12
DA:83,12
DA:84,12
DA:85,12
DA:86,12
DA:87,1
LF:87
LH:85
BRDA:42,0,0,20
BRDA:45,1,0,8
BRDA:51,2,0,16
BRDA:55,3,0,4
BRDA:63,4,0,16
BRDA:66,5,0,12
BRDA:66,6,0,4
BRDA:81,7,0,12
BRDA:82,8,0,0
BRF:9
BRH:8
end_of_record
TN:
SF:src/Timer.ts
FN:9,<instance_members_initializer>
FN:46,Timer
FN:53,get elapsed
FN:64,get elapsedSinceLastLoop
FN:75,get isRunning
FN:82,get isStopped
FN:89,get lastLoop
FN:96,get started
FN:103,reset
FN:116,start
FN:120,loop
FN:139,stop
FNF:12
FNH:12
FNDA:1,<instance_members_initializer>
FNDA:1,Timer
FNDA:2,get elapsed
FNDA:2,get elapsedSinceLastLoop
FNDA:5,get isRunning
FNDA:4,get isStopped
FNDA:6,get lastLoop
FNDA:2,get started
FNDA:1,reset
FNDA:2,start
FNDA:2,loop
FNDA:2,stop
DA:1,1
DA:2,1
DA:3,1
DA:4,1
DA:5,1
DA:6,1
DA:7,1
DA:8,1
DA:9,1
DA:10,1
DA:11,1
DA:12,1
DA:13,1
DA:14,1
DA:15,1
DA:16,1
DA:17,1
DA:18,1
DA:19,1
DA:20,1
DA:21,1
DA:22,1
DA:23,1
DA:24,1
DA:25,1
DA:26,1
DA:27,1
DA:28,1
DA:29,1
DA:30,1
DA:31,1
DA:32,1
DA:33,1
DA:34,1
DA:35,1
DA:36,1
DA:37,1
DA:38,1
DA:39,1
DA:40,1
DA:41,1
DA:42,1
DA:43,1
DA:44,1
DA:45,1
DA:46,1
DA:47,1
DA:48,1
DA:49,1
DA:50,1
DA:51,1
DA:52,1
DA:53,1
DA:54,2
DA:55,1
DA:56,1
DA:57,1
DA:58,1
DA:59,1
DA:60,1
DA:61,1
DA:62,1
DA:63,1
DA:64,1
DA:65,2
DA:66,1
DA:67,1
DA:68,1
DA:69,1
DA:70,1
DA:71,1
DA:72,1
DA:73,1
DA:74,1
DA:75,1
DA:76,5
DA:77,5
DA:78,1
DA:79,1
DA:80,1
DA:81,1
DA:82,1
DA:83,4
DA:84,4
DA:85,1
DA:86,1
DA:87,1
DA:88,1
DA:89,1
DA:90,6
DA:91,6
DA:92,1
DA:93,1
DA:94,1
DA:95,1
DA:96,1
DA:97,2
DA:98,2
DA:99,1
DA:100,1
DA:101,1
DA:102,1
DA:103,1
DA:104,1
DA:105,1
DA:106,1
DA:107,1
DA:108,1
DA:109,1
DA:110,1
DA:111,1
DA:112,1
DA:113,1
DA:114,1
DA:115,1
DA:116,1
DA:117,2
DA:118,2
DA:119,2
DA:120,2
DA:121,2
DA:122,2
DA:123,2
DA:124,2
DA:125,2
DA:126,2
DA:127,2
DA:128,2
DA:129,2
DA:130,2
DA:131,2
DA:132,2
DA:133,2
DA:134,2
DA:135,1
DA:136,1
DA:137,1
DA:138,1
DA:139,1
DA:140,2
DA:141,2
DA:142,2
DA:143,2
DA:144,2
DA:145,2
DA:146,2
DA:147,2
DA:148,2
DA:149,2
DA:150,2
DA:151,2
DA:152,1
LF:152
LH:152
BRDA:9,0,0,1
BRDA:46,1,0,1
BRDA:53,2,0,2
BRDA:54,3,0,1
BRDA:64,4,0,2
BRDA:65,5,0,1
BRDA:75,6,0,5
BRDA:82,7,0,4
BRDA:89,8,0,6
BRDA:90,9,0,4
BRDA:96,10,0,2
BRDA:103,11,0,1
BRDA:104,12,0,1
BRDA:116,13,0,2
BRDA:120,14,0,2
BRDA:139,15,0,2
BRF:16
BRH:16
end_of_record
TN:
SF:src/VNode.ts
FN:9,<instance_members_initializer>
FN:39,VNode
FN:57,get isText
FN:61,get isComment
FN:65,get isElement
FNF:5
FNH:5
FNDA:64,<instance_members_initializer>
FNDA:64,VNode
FNDA:49,get isText
FNDA:15,get isComment
FNDA:15,get isElement
DA:1,1
DA:2,1
DA:3,1
DA:4,1
DA:5,1
DA:6,1
DA:7,1
DA:8,1
DA:9,1
DA:10,64
DA:11,64
DA:12,64
DA:13,64
DA:14,64
DA:15,64
DA:16,64
DA:17,64
DA:18,64
DA:19,64
DA:20,64
DA:21,64
DA:22,64
DA:23,64
DA:24,64
DA:25,64
DA:26,64
DA:27,64
DA:28,64
DA:29,64
DA:30,64
DA:31,64
DA:32,64
DA:33,64
DA:34,64
DA:35,64
DA:36,64
DA:37,64
DA:38,64
DA:39,64
DA:40,64
DA:41,64
DA:42,64
DA:43,64
DA:44,64
DA:45,64
DA:46,64
DA:47,64
DA:48,54
DA:49,28
DA:50,28
DA:51,26
DA:52,26
DA:53,26
DA:54,54
DA:55,64
DA:56,64
DA:57,64
DA:58,49
DA:59,49
DA:60,64
DA:61,64
DA:62,15
DA:63,15
DA:64,64
DA:65,64
DA:66,15
DA:67,15
DA:68,64
LF:68
LH:68
BRDA:9,0,0,64
BRDA:39,1,0,64
BRDA:47,2,0,54
BRDA:48,3,0,28
BRDA:51,4,0,26
BRDA:57,5,0,49
BRDA:61,6,0,15
BRDA:65,7,0,15
BRF:8
BRH:8
end_of_record
TN:
SF:src/helpers/charset.ts
FN:6,range
FN:13,characterRange
FN:24,fisherYatesShuffle
FN:41,defaultCharset
FN:69,useCharset
FN:80,createCharset
FN:132,nearest
FN:146,chunk
FN:172,next
FN:197,prev
FN:222,isBlacklisted
FN:229,isWhitelisted
FNF:12
FNH:12
FNDA:40,range
FNDA:36,characterRange
FNDA:2,fisherYatesShuffle
FNDA:11,defaultCharset
FNDA:11,useCharset
FNDA:11,createCharset
FNDA:2,nearest
FNDA:68,chunk
FNDA:36,next
FNDA:36,prev
FNDA:62,isBlacklisted
FNDA:71,isWhitelisted
DA:1,1
DA:2,1
DA:3,1
DA:4,1
DA:5,1
DA:6,1
DA:7,40
DA:8,40
DA:9,1
DA:10,1
DA:11,1
DA:12,1
DA:13,1
DA:14,36
DA:15,36
DA:16,36
DA:17,36
DA:18,36
DA:19,36
DA:20,1
DA:21,1
DA:22,1
DA:23,1
DA:24,1
DA:25,2
DA:26,2
DA:27,2
DA:28,134
DA:29,134
DA:30,134
DA:31,134
DA:32,134
DA:33,134
DA:34,2
DA:35,2
DA:36,2
DA:37,1
DA:38,1
DA:39,1
DA:40,1
DA:41,1
DA:42,11
DA:43,11
DA:44,11
DA:45,11
DA:46,11
DA:47,11
DA:48,11
DA:49,1
DA:50,1
DA:51,1
DA:52,1
DA:53,1
DA:54,1
DA:55,1
DA:56,1
DA:57,1
DA:58,1
DA:59,1
DA:60,1
DA:61,1
DA:62,1
DA:63,1
DA:64,1
DA:65,1
DA:66,1
DA:67,1
DA:68,1
DA:69,1
DA:70,11
DA:71,11
DA:72,11
DA:73,11
DA:74,2
DA:75,11
DA:76,11
DA:77,11
DA:78,11
DA:79,11
DA:80,11
DA:81,11
DA:82,11
DA:83,11
DA:84,11
DA:85,11
DA:86,11
DA:87,11
DA:88,11
DA:89,11
DA:90,11
DA:91,11
DA:92,11
DA:93,11
DA:94,11
DA:95,11
DA:96,11
DA:97,11
DA:98,11
DA:99,11
DA:100,11
DA:101,11
DA:102,11
DA:103,11
DA:104,11
DA:105,11
DA:106,11
DA:107,11
DA:108,11
DA:109,11
DA:110,11
DA:111,11
DA:112,11
DA:113,11
DA:114,11
DA:115,11
DA:116,11
DA:117,11
DA:118,11
DA:119,11
DA:120,11
DA:121,11
DA:122,11
DA:123,11
DA:124,11
DA:125,11
DA:126,11
DA:127,11
DA:128,11
DA:129,11
DA:130,11
DA:131,11
DA:132,11
DA:133,2
DA:134,2
DA:135,2
DA:136,2
DA:137,2
DA:138,132
DA:139,2
DA:140,2
DA:141,2
DA:142,11
DA:143,11
DA:144,11
DA:145,11
DA:146,11
DA:147,68
DA:148,68
DA:149,68
DA:150,68
DA:151,68
DA:152,37
DA:153,68
DA:154,68
DA:155,68
DA:156,45
DA:157,45
DA:158,23
DA:159,68
DA:160,14
DA:161,14
DA:162,9
DA:163,9
DA:164,9
DA:165,23
DA:166,23
DA:167,23
DA:168,11
DA:169,11
DA:170,11
DA:171,11
DA:172,11
DA:173,36
DA:174,1
DA:175,1
DA:176,35
DA:177,36
DA:178,4
DA:179,4
DA:180,31
DA:181,36
DA:182,1
DA:183,1
DA:184,30
DA:185,30
DA:186,30
DA:187,30
DA:188,11
DA:189,11
DA:190,19
DA:191,19
DA:192,19
DA:193,11
DA:194,11
DA:195,11
DA:196,11
DA:197,11
DA:198,36
DA:199,1
DA:200,1
DA:201,35
DA:202,36
DA:203,5
DA:204,5
DA:205,30
DA:206,36
DA:207,1
DA:208,1
DA:209,29
DA:210,29
DA:211,29
DA:212,36
DA:213,10
DA:214,10
DA:215,19
DA:216,19
DA:217,19
DA:218,11
DA:219,11
DA:220,11
DA:221,11
DA:222,11
DA:223,62
DA:224,62
DA:225,11
DA:226,11
DA:227,11
DA:228,11
DA:229,11
DA:230,71
DA:231,71
DA:232,11
DA:233,11
DA:234,11
DA:235,11
DA:236,11
DA:237,11
DA:238,11
DA:239,11
DA:240,11
DA:241,11
DA:242,11
LF:242
LH:242
BRDA:6,0,0,40
BRDA:7,1,0,731
BRDA:13,2,0,36
BRDA:18,3,0,713
BRDA:24,4,0,2
BRDA:27,5,0,134
BRDA:41,6,0,11
BRDA:69,7,0,11
BRDA:70,8,0,10
BRDA:71,9,0,10
BRDA:73,10,0,2
BRDA:74,11,0,1
BRDA:74,12,0,1
BRDA:80,13,0,11
BRDA:81,14,0,10
BRDA:83,15,0,2
BRDA:83,16,0,9
BRDA:132,17,0,2
BRDA:134,18,0,134
BRDA:137,19,0,132
BRDA:138,20,0,10
BRDA:138,21,0,122
BRDA:146,22,0,68
BRDA:149,23,0,37
BRDA:149,24,0,31
BRDA:152,25,0,37
BRDA:153,26,0,31
BRDA:155,27,0,45
BRDA:157,28,0,23
BRDA:159,29,0,14
BRDA:162,30,0,9
BRDA:164,31,0,23
BRDA:172,32,0,36
BRDA:173,33,0,1
BRDA:175,34,0,35
BRDA:177,35,0,34
BRDA:177,36,0,4
BRDA:179,37,0,31
BRDA:181,38,0,1
BRDA:183,39,0,30
BRDA:187,40,0,11
BRDA:189,41,0,19
BRDA:197,42,0,36
BRDA:198,43,0,1
BRDA:200,44,0,35
BRDA:202,45,0,34
BRDA:202,46,0,5
BRDA:204,47,0,30
BRDA:206,48,0,1
BRDA:208,49,0,29
BRDA:212,50,0,10
BRDA:214,51,0,19
BRDA:222,52,0,62
BRDA:229,53,0,71
BRF:54
BRH:54
end_of_record
TN:
SF:src/helpers/date.ts
FN:101,getTwelveHourFormat
FN:107,pad
FN:114,useDateFormats
FN:118,A
FN:119,a
FN:120,Q
FN:121,YYYY
FN:122,YY
FN:123,MMMM
FN:124,MMM
FN:125,MM
FN:126,M
FN:127,DDDD
FN:128,DDD
FN:129,DD
FN:130,D
FN:131,HH
FN:132,H
FN:133,hh
FN:134,h
FN:135,mm
FN:136,m
FN:137,ss
FN:138,s
FN:139,vvvv
FN:140,vvv
FN:141,vv
FN:142,v
FN:149,define
FN:160,undefine
FN:171,format
FNF:31
FNH:31
FNDA:4,getTwelveHourFormat
FNDA:12,pad
FNDA:2,useDateFormats
FNDA:7,A
FNDA:2,a
FNDA:1,Q
FNDA:1,YYYY
FNDA:1,YY
FNDA:2,MMMM
FNDA:1,MMM
FNDA:1,MM
FNDA:1,M
FNDA:1,DDDD
FNDA:1,DDD
FNDA:1,DD
FNDA:1,D
FNDA:2,HH
FNDA:2,H
FNDA:2,hh
FNDA:2,h
FNDA:1,mm
FNDA:1,m
FNDA:1,ss
FNDA:1,s
FNDA:1,vvvv
FNDA:1,vvv
FNDA:1,vv
FNDA:1,v
FNDA:2,define
FNDA:2,undefine
FNDA:36,format
DA:1,1
DA:2,1
DA:3,1
DA:4,1
DA:5,1
DA:6,1
DA:7,1
DA:8,1
DA:9,1
DA:10,1
DA:11,1
DA:12,1
DA:13,1
DA:14,1
DA:15,1
DA:16,1
DA:17,1
DA:18,1
DA:19,1
DA:20,1
DA:21,1
DA:22,1
DA:23,1
DA:24,1
DA:25,1
DA:26,1
DA:27,1
DA:28,1
DA:29,1
DA:30,1
DA:31,1
DA:32,1
DA:33,1
DA:34,1
DA:35,1
DA:36,1
DA:37,1
DA:38,1
DA:39,1
DA:40,1
DA:41,1
DA:42,1
DA:43,1
DA:44,1
DA:45,1
DA:46,1
DA:47,1
DA:48,1
DA:49,1
DA:50,1
DA:51,1
DA:52,1
DA:53,1
DA:54,1
DA:55,1
DA:56,1
DA:57,1
DA:58,1
DA:59,1
DA:60,1
DA:61,1
DA:62,1
DA:63,1
DA:64,1
DA:65,1
DA:66,1
DA:67,1
DA:68,1
DA:69,1
DA:70,1
DA:71,1
DA:72,1
DA:73,1
DA:74,1
DA:75,1
DA:76,1
DA:77,1
DA:78,1
DA:79,1
DA:80,1
DA:81,1
DA:82,1
DA:83,1
DA:84,1
DA:85,1
DA:86,1
DA:87,1
DA:88,1
DA:89,1
DA:90,1
DA:91,1
DA:92,1
DA:93,1
DA:94,1
DA:95,1
DA:96,1
DA:97,1
DA:98,1
DA:99,1
DA:100,1
DA:101,1
DA:102,4
DA:103,4
DA:104,4
DA:105,4
DA:106,1
DA:107,1
DA:108,12
DA:109,12
DA:110,1
DA:111,1
DA:112,1
DA:113,1
DA:114,1
DA:115,2
DA:116,2
DA:117,2
DA:118,2
DA:119,2
DA:120,2
DA:121,2
DA:122,2
DA:123,2
DA:124,2
DA:125,2
DA:126,2
DA:127,2
DA:128,2
DA:129,2
DA:130,2
DA:131,2
DA:132,2
DA:133,2
DA:134,2
DA:135,2
DA:136,2
DA:137,2
DA:138,2
DA:139,2
DA:140,2
DA:141,2
DA:142,2
DA:143,2
DA:144,2
DA:145,2
DA:146,2
DA:147,2
DA:148,2
DA:149,2
DA:150,2
DA:151,1
DA:152,1
DA:153,1
DA:154,1
DA:155,1
DA:156,1
DA:157,1
DA:158,2
DA:159,2
DA:160,2
DA:161,2
DA:162,1
DA:163,1
DA:164,1
DA:165,1
DA:166,1
DA:167,1
DA:168,1
DA:169,2
DA:170,2
DA:171,2
DA:172,36
DA:173,3080
DA:174,360
DA:175,360
DA:176,2720
DA:177,3080
DA:178,1346
DA:179,1346
DA:180,1374
DA:181,1374
DA:182,36
DA:183,36
DA:184,36
DA:185,36
DA:186,36
DA:187,39
DA:188,39
DA:189,39
DA:190,36
DA:191,36
DA:192,2
DA:193,2
DA:194,2
LF:194
LH:194
BRDA:101,0,0,4
BRDA:104,1,0,2
BRDA:104,2,0,2
BRDA:107,3,0,12
BRDA:114,4,0,2
BRDA:118,5,0,7
BRDA:118,6,0,6
BRDA:118,7,0,1
BRDA:119,8,0,2
BRDA:119,9,0,1
BRDA:119,10,0,1
BRDA:120,11,0,1
BRDA:121,12,0,1
BRDA:122,13,0,1
BRDA:123,14,0,2
BRDA:124,15,0,1
BRDA:125,16,0,1
BRDA:126,17,0,1
BRDA:127,18,0,1
BRDA:128,19,0,1
BRDA:129,20,0,1
BRDA:130,21,0,1
BRDA:131,22,0,2
BRDA:132,23,0,2
BRDA:133,24,0,2
BRDA:134,25,0,2
BRDA:135,26,0,1
BRDA:136,27,0,1
BRDA:137,28,0,1
BRDA:138,29,0,1
BRDA:139,30,0,1
BRDA:140,31,0,1
BRDA:141,32,0,1
BRDA:142,33,0,1
BRDA:149,34,0,2
BRDA:150,35,0,1
BRDA:160,36,0,2
BRDA:161,37,0,1
BRDA:171,38,0,36
BRDA:172,39,0,3080
BRDA:173,40,0,360
BRDA:175,41,0,2720
BRDA:177,42,0,1346
BRDA:179,43,0,1374
BRDA:186,44,0,39
BRDA:189,45,0,1
BRDA:189,46,0,38
BRF:47
BRH:47
end_of_record
TN:
SF:src/helpers/dictionary.ts
FN:12,useDictionary
FN:15,translate
FN:31,define
FN:42,undefine
FNF:4
FNH:4
FNDA:2,useDictionary
FNDA:7,translate
FNDA:2,define
FNDA:2,undefine
DA:1,1
DA:2,1
DA:3,1
DA:4,1
DA:5,1
DA:6,1
DA:7,1
DA:8,1
DA:9,1
DA:10,1
DA:11,1
DA:12,1
DA:13,2
DA:14,2
DA:15,2
DA:16,7
DA:17,7
DA:18,7
DA:19,1
DA:20,1
DA:21,6
DA:22,7
DA:23,3
DA:24,3
DA:25,3
DA:26,3
DA:27,3
DA:28,2
DA:29,2
DA:30,2
DA:31,2
DA:32,2
DA:33,1
DA:34,1
DA:35,1
DA:36,1
DA:37,2
DA:38,2
DA:39,1
DA:40,2
DA:41,2
DA:42,2
DA:43,2
DA:44,1
DA:45,1
DA:46,1
DA:47,1
DA:48,1
DA:49,1
DA:50,1
DA:51,2
DA:52,2
DA:53,2
DA:54,2
DA:55,2
DA:56,2
DA:57,2
DA:58,2
DA:59,2
LF:59
LH:59
BRDA:12,0,0,2
BRDA:15,1,0,7
BRDA:18,2,0,1
BRDA:20,3,0,6
BRDA:22,4,0,3
BRDA:31,5,0,2
BRDA:32,6,0,1
BRDA:36,7,0,2
BRDA:42,8,0,2
BRDA:43,9,0,1
BRF:10
BRH:10
end_of_record
TN:
SF:src/helpers/digitizer.ts
FN:28,count
FN:38,useDigitizer
FN:45,pad
FN:62,digitize
FN:65,split
FN:69,recurse
FN:93,undigitize
FN:94,recurse
FN:118,isDigitized
FN:119,recurse
FNF:10
FNH:10
FNDA:1,count
FNDA:12,useDigitizer
FNDA:9,pad
FNDA:9,digitize
FNDA:20,split
FNDA:10,recurse
FNDA:18,undigitize
FNDA:126,recurse
FNDA:26,isDigitized
FNDA:57,recurse
DA:1,1
DA:2,1
DA:3,1
DA:4,1
DA:5,1
DA:6,1
DA:7,1
DA:8,1
DA:9,1
DA:10,1
DA:11,1
DA:12,1
DA:13,1
DA:14,1
DA:15,1
DA:16,1
DA:17,1
DA:18,1
DA:19,1
DA:20,1
DA:21,1
DA:22,1
DA:23,1
DA:24,1
DA:25,1
DA:26,1
DA:27,1
DA:28,1
DA:29,1
DA:30,1
DA:31,1
DA:32,1
DA:33,1
DA:34,1
DA:35,1
DA:36,1
DA:37,1
DA:38,1
DA:39,12
DA:40,12
DA:41,12
DA:42,12
DA:43,12
DA:44,12
DA:45,12
DA:46,9
DA:47,9
DA:48,9
DA:49,1
DA:50,1
DA:51,1
DA:52,1
DA:53,9
DA:54,9
DA:55,9
DA:56,12
DA:57,12
DA:58,12
DA:59,12
DA:60,12
DA:61,12
DA:62,12
DA:63,9
DA:64,9
DA:65,9
DA:66,20
DA:67,20
DA:68,9
DA:69,9
DA:70,10
DA:71,1
DA:72,1
DA:73,9
DA:74,9
DA:75,11
DA:76,9
DA:77,9
DA:78,9
DA:79,9
DA:80,9
DA:81,9
DA:82,1
DA:83,1
DA:84,9
DA:85,9
DA:86,9
DA:87,12
DA:88,12
DA:89,12
DA:90,12
DA:91,12
DA:92,12
DA:93,12
DA:94,18
DA:95,126
DA:96,47
DA:97,47
DA:98,47
DA:99,29
DA:100,29
DA:101,29
DA:102,29
DA:103,28
DA:104,28
DA:105,29
DA:106,47
DA:107,47
DA:108,108
DA:109,47
DA:110,47
DA:111,79
DA:112,79
DA:113,79
DA:114,18
DA:115,18
DA:116,18
DA:117,12
DA:118,12
DA:119,26
DA:120,57
DA:121,6
DA:122,6
DA:123,51
DA:124,57
DA:125,108
DA:126,73
DA:127,73
DA:128,35
DA:129,108
DA:130,3
DA:131,3
DA:132,32
DA:133,1
DA:134,1
DA:135,31
DA:136,108
DA:137,3
DA:138,3
DA:139,108
DA:140,45
DA:141,45
DA:142,45
DA:143,26
DA:144,26
DA:145,26
DA:146,12
DA:147,12
DA:148,12
DA:149,12
DA:150,12
DA:151,12
DA:152,12
DA:153,12
DA:154,12
LF:154
LH:154
BRDA:28,0,0,1
BRDA:38,1,0,12
BRDA:45,2,0,9
BRDA:48,3,0,1
BRDA:62,4,0,9
BRDA:81,5,0,1
BRDA:65,6,0,20
BRDA:69,7,0,10
BRDA:70,8,0,1
BRDA:72,9,0,9
BRDA:74,10,0,11
BRDA:93,11,0,18
BRDA:94,12,0,126
BRDA:95,13,0,47
BRDA:96,14,0,29
BRDA:96,15,0,18
BRDA:98,16,0,29
BRDA:102,17,0,28
BRDA:110,18,0,79
BRDA:99,19,0,50
BRDA:107,20,0,108
BRDA:118,21,0,26
BRDA:119,22,0,57
BRDA:120,23,0,6
BRDA:122,24,0,51
BRDA:124,25,0,108
BRDA:125,26,0,75
BRDA:125,27,0,73
BRDA:127,28,0,35
BRDA:129,29,0,3
BRDA:132,30,0,32
BRDA:132,31,0,1
BRDA:134,32,0,31
BRDA:136,33,0,3
BRDA:139,34,0,45
BRF:35
BRH:35
end_of_record
TN:
SF:src/helpers/dom.ts
FN:20,isComment
FN:27,isDomElement
FN:36,bindEvents
FN:52,unbindEvents
FN:68,setAttributes
FN:81,h
FN:129,createElement
FN:131,text
FN:132,comment
FN:133,element
FN:144,getNodeType
FN:158,shouldReplaceElement
FN:166,instersectAttributes
FN:209,diffAttributes
FN:231,diff
FN:272,render
FNF:16
FNH:14
FNDA:28,isComment
FNDA:28,isDomElement
FNDA:38,bindEvents
FNDA:0,unbindEvents
FNDA:15,setAttributes
FNDA:64,h
FNDA:34,createElement
FNDA:19,text
FNDA:0,comment
FNDA:15,element
FNDA:43,getNodeType
FNDA:43,shouldReplaceElement
FNDA:24,instersectAttributes
FNDA:23,diffAttributes
FNDA:43,diff
FNDA:34,render
DA:1,1
DA:2,1
DA:3,1
DA:4,1
DA:5,1
DA:6,1
DA:7,1
DA:8,1
DA:9,1
DA:10,1
DA:11,1
DA:12,1
DA:13,1
DA:14,1
DA:15,1
DA:16,1
DA:17,1
DA:18,1
DA:19,1
DA:20,1
DA:21,28
DA:22,28
DA:23,1
DA:24,1
DA:25,1
DA:26,1
DA:27,1
DA:28,28
DA:29,28
DA:30,1
DA:31,1
DA:32,1
DA:33,1
DA:34,1
DA:35,1
DA:36,1
DA:37,38
DA:38,28
DA:39,27
DA:40,27
DA:41,1
DA:42,1
DA:43,28
DA:44,28
DA:45,28
DA:46,28
DA:47,38
DA:48,1
DA:49,1
DA:50,1
DA:51,1
DA:52,1
DA:53,0
DA:54,0
DA:55,0
DA:56,0
DA:57,0
DA:58,0
DA:59,0
DA:60,0
DA:61,0
DA:62,0
DA:63,0
DA:64,1
DA:65,1
DA:66,1
DA:67,1
DA:68,1
DA:69,15
DA:70,7
DA:71,0
DA:72,0
DA:73,7
DA:74,7
DA:75,7
DA:76,15
DA:77,1
DA:78,1
DA:79,1
DA:80,1
DA:81,1
DA:82,64
DA:83,64
DA:84,64
DA:85,64
DA:86,64
DA:87,0
DA:88,0
DA:89,64
DA:90,64
DA:91,64
DA:92,19
DA:93,64
DA:94,64
DA:95,64
DA:96,6
DA:97,6
DA:98,58
DA:99,6
DA:100,6
DA:101,52
DA:102,52
DA:103,52
DA:104,64
DA:105,64
DA:106,52
DA:107,24
DA:108,24
DA:109,28
DA:110,52
DA:111,0
DA:112,0
DA:113,28
DA:114,52
DA:115,0
DA:116,0
DA:117,0
DA:118,0
DA:119,28
DA:120,28
DA:121,28
DA:122,28
DA:123,64
DA:124,64
DA:125,1
DA:126,1
DA:127,1
DA:128,1
DA:129,1
DA:130,34
DA:131,34
DA:132,34
DA:133,34
DA:134,34
DA:135,34
DA:136,34
DA:137,19
DA:138,34
DA:139,34
DA:140,1
DA:141,1
DA:142,1
DA:143,1
DA:144,1
DA:145,43
DA:146,43
DA:147,43
DA:148,23
DA:149,23
DA:150,23
DA:151,43
DA:152,1
DA:153,1
DA:154,1
DA:155,1
DA:156,1
DA:157,1
DA:158,1
DA:159,43
DA:160,43
DA:161,43
DA:162,1
DA:163,1
DA:164,1
DA:165,1
DA:166,1
DA:167,24
DA:168,24
DA:169,24
DA:170,23
DA:171,23
DA:172,23
DA:173,1
DA:174,1
DA:175,22
DA:176,23
DA:177,8
DA:178,8
DA:179,8
DA:180,8
DA:181,8
DA:182,14
DA:183,6
DA:184,6
DA:185,6
DA:186,6
DA:187,6
DA:188,6
DA:189,23
DA:190,24
DA:191,24
DA:192,24
DA:193,21
DA:194,7
DA:195,7
DA:196,7
DA:197,7
DA:198,7
DA:199,21
DA:200,24
DA:201,24
DA:202,24
DA:203,24
DA:204,24
DA:205,1
DA:206,1
DA:207,1
DA:208,1
DA:209,1
DA:210,23
DA:211,23
DA:212,23
DA:213,23
DA:214,7
DA:215,7
DA:216,23
DA:217,23
DA:218,23
DA:219,5
DA:220,5
DA:221,23
DA:222,23
DA:223,23
DA:224,6
DA:225,6
DA:226,23
DA:227,1
DA:228,1
DA:229,1
DA:230,1
DA:231,1
DA:232,43
DA:233,43
DA:234,43
DA:235,7
DA:236,7
DA:237,7
DA:238,7
DA:239,36
DA:240,43
DA:241,23
DA:242,23
DA:243,23
DA:244,23
DA:245,23
DA:246,0
DA:247,0
DA:248,23
DA:249,23
DA:250,23
DA:251,23
DA:252,36
DA:253,36
DA:254,36
DA:255,43
DA:256,2
DA:257,2
DA:258,36
DA:259,36
DA:260,43
DA:261,35
DA:262,4
DA:263,4
DA:264,35
DA:265,35
DA:266,35
DA:267,36
DA:268,1
DA:269,1
DA:270,1
DA:271,1
DA:272,1
DA:273,34
DA:274,34
DA:275,34
DA:276,34
DA:277,19
DA:278,19
DA:279,19
DA:280,19
DA:281,15
DA:282,15
DA:283,15
DA:284,15
DA:285,15
DA:286,34
DA:287,34
DA:288,34
DA:289,19
DA:290,19
DA:291,34
DA:292,34
DA:293,34
DA:294,34
LF:294
LH:271
BRDA:20,0,0,28
BRDA:27,1,0,28
BRDA:28,2,0,0
BRDA:36,3,0,38
BRDA:37,4,0,28
BRDA:38,5,0,27
BRDA:40,6,0,1
BRDA:43,7,0,0
BRDA:68,8,0,15
BRDA:69,9,0,7
BRDA:70,10,0,0
BRDA:81,11,0,64
BRDA:86,12,0,0
BRDA:91,13,0,45
BRDA:92,14,0,19
BRDA:93,15,0,45
BRDA:93,16,0,40
BRDA:95,17,0,58
BRDA:95,18,0,6
BRDA:98,19,0,58
BRDA:98,20,0,6
BRDA:101,21,0,52
BRDA:105,22,0,52
BRDA:106,23,0,24
BRDA:108,24,0,28
BRDA:110,25,0,0
BRDA:112,26,0,28
BRDA:114,27,0,0
BRDA:118,28,0,28
BRDA:123,29,0,52
BRDA:129,30,0,34
BRDA:137,31,0,19
BRDA:138,32,0,15
BRDA:131,33,0,19
BRDA:133,34,0,15
BRDA:144,35,0,43
BRDA:145,36,0,20
BRDA:145,37,0,23
BRDA:146,38,0,0
BRDA:146,39,0,23
BRDA:147,40,0,0
BRDA:147,41,0,23
BRDA:151,42,0,0
BRDA:158,43,0,43
BRDA:160,44,0,40
BRDA:160,45,0,17
BRDA:166,46,0,24
BRDA:169,47,0,23
BRDA:172,48,0,1
BRDA:174,49,0,22
BRDA:176,50,0,8
BRDA:182,51,0,14
BRDA:182,52,0,6
BRDA:192,53,0,21
BRDA:193,54,0,7
BRDA:209,55,0,23
BRDA:213,56,0,7
BRDA:218,57,0,5
BRDA:223,58,0,6
BRDA:231,59,0,43
BRDA:234,60,0,7
BRDA:238,61,0,36
BRDA:240,62,0,23
BRDA:245,63,0,0
BRDA:251,64,0,36
BRDA:255,65,0,2
BRDA:257,66,0,36
BRDA:260,67,0,35
BRDA:261,68,0,4
BRDA:265,69,0,0
BRDA:266,70,0,36
BRDA:272,71,0,34
BRDA:276,72,0,19
BRDA:279,73,0,0
BRDA:280,74,0,15
BRDA:288,75,0,19
BRF:76
BRH:64
end_of_record
TN:
SF:src/helpers/functions.ts
FN:6,call
FNF:1
FNH:1
FNDA:4,call
DA:1,1
DA:2,1
DA:3,1
DA:4,1
DA:5,1
DA:6,1
DA:7,4
DA:8,4
LF:8
LH:8
BRDA:6,0,0,4
BRF:1
BRH:1
end_of_record
TN:
SF:src/helpers/sequencer.ts
FN:17,castDigitizedString
FN:25,castDigitizedValues
FN:37,castDigitizedGroup
FN:53,isDigitizedValues
FN:57,isDigitizedGroup
FN:71,padLeft
FN:79,padRight
FN:87,matchDataType
FN:106,matchArrayStructure
FN:107,recurse
FN:147,matchStructureLength
FN:148,recurse
FN:170,walk
FN:171,recurse
FN:186,useSequencer
FN:189,decrement
FN:203,increment
FNF:17
FNH:17
FNDA:32,castDigitizedString
FNDA:33,castDigitizedValues
FNDA:31,castDigitizedGroup
FNDA:48,isDigitizedValues
FNDA:168,isDigitizedGroup
FNDA:6,padLeft
FNDA:36,padRight
FNDA:9,matchDataType
FNDA:24,matchArrayStructure
FNDA:66,recurse
FNDA:42,matchStructureLength
FNDA:42,recurse
FNDA:12,walk
FNDA:84,recurse
FNDA:4,useSequencer
FNDA:6,decrement
FNDA:6,increment
DA:1,1
DA:2,1
DA:3,1
DA:4,1
DA:5,1
DA:6,1
DA:7,1
DA:8,1
DA:9,1
DA:10,1
DA:11,1
DA:12,1
DA:13,1
DA:14,1
DA:15,1
DA:16,1
DA:17,1
DA:18,32
DA:19,9
DA:20,9
DA:21,23
DA:22,23
DA:23,23
DA:24,1
DA:25,1
DA:26,33
DA:27,5
DA:28,5
DA:29,28
DA:30,33
DA:31,23
DA:32,23
DA:33,5
DA:34,5
DA:35,5
DA:36,1
DA:37,1
DA:38,31
DA:39,23
DA:40,23
DA:41,8
DA:42,31
DA:43,5
DA:44,5
DA:45,3
DA:46,31
DA:47,1
DA:48,1
DA:49,2
DA:50,2
DA:51,2
DA:52,1
DA:53,1
DA:54,48
DA:55,48
DA:56,1
DA:57,1
DA:58,168
DA:59,30
DA:60,30
DA:61,138
DA:62,168
DA:63,261
DA:64,55
DA:65,55
DA:66,261
DA:67,83
DA:68,83
DA:69,83
DA:70,1
DA:71,1
DA:72,6
DA:73,6
DA:74,6
DA:75,6
DA:76,6
DA:77,6
DA:78,1
DA:79,1
DA:80,36
DA:81,36
DA:82,36
DA:83,36
DA:84,36
DA:85,36
DA:86,1
DA:87,1
DA:88,9
DA:89,3
DA:90,3
DA:91,6
DA:92,9
DA:93,3
DA:94,3
DA:95,3
DA:96,3
DA:97,3
DA:98,1
DA:99,1
DA:100,1
DA:101,1
DA:102,1
DA:103,1
DA:104,1
DA:105,1
DA:106,1
DA:107,24
DA:108,66
DA:109,66
DA:110,66
DA:111,24
DA:112,24
DA:113,24
DA:114,24
DA:115,24
DA:116,24
DA:117,42
DA:118,42
DA:119,42
DA:120,42
DA:121,3
DA:122,42
DA:123,42
DA:124,24
DA:125,24
DA:126,24
DA:127,42
DA:128,42
DA:129,42
DA:130,66
DA:131,26
DA:132,26
DA:133,16
DA:134,16
DA:135,16
DA:136,16
DA:137,24
DA:138,24
DA:139,24
DA:140,24
DA:141,1
DA:142,1
DA:143,1
DA:144,1
DA:145,1
DA:146,1
DA:147,1
DA:148,42
DA:149,42
DA:150,36
DA:151,42
DA:152,42
DA:153,42
DA:154,96
DA:155,22
DA:156,22
DA:157,22
DA:158,22
DA:159,22
DA:160,22
DA:161,22
DA:162,96
DA:163,42
DA:164,42
DA:165,42
DA:166,42
DA:167,42
DA:168,42
DA:169,1
DA:170,1
DA:171,12
DA:172,84
DA:173,54
DA:174,54
DA:175,30
DA:176,84
DA:177,72
DA:178,72
DA:179,30
DA:180,30
DA:181,30
DA:182,12
DA:183,12
DA:184,12
DA:185,1
DA:186,1
DA:187,4
DA:188,4
DA:189,4
DA:190,6
DA:191,6
DA:192,6
DA:193,6
DA:194,6
DA:195,6
DA:196,6
DA:197,27
DA:198,6
DA:199,6
DA:200,6
DA:201,6
DA:202,4
DA:203,4
DA:204,6
DA:205,6
DA:206,6
DA:207,6
DA:208,6
DA:209,6
DA:210,6
DA:211,6
DA:212,6
DA:213,27
DA:214,6
DA:215,6
DA:216,6
DA:217,6
DA:218,4
DA:219,4
DA:220,4
DA:221,4
DA:222,4
DA:223,4
DA:224,4
LF:224
LH:224
BRDA:17,0,0,32
BRDA:18,1,0,9
BRDA:20,2,0,23
BRDA:25,3,0,33
BRDA:26,4,0,5
BRDA:28,5,0,28
BRDA:30,6,0,23
BRDA:32,7,0,5
BRDA:37,8,0,31
BRDA:38,9,0,23
BRDA:40,10,0,8
BRDA:42,11,0,5
BRDA:44,12,0,3
BRDA:46,13,0,1
BRDA:48,14,0,2
BRDA:53,15,0,48
BRDA:54,16,0,29
BRDA:57,17,0,168
BRDA:58,18,0,141
BRDA:58,19,0,30
BRDA:60,20,0,138
BRDA:62,21,0,261
BRDA:63,22,0,55
BRDA:66,23,0,83
BRDA:71,24,0,6
BRDA:79,25,0,36
BRDA:87,26,0,9
BRDA:88,27,0,3
BRDA:90,28,0,6
BRDA:92,29,0,3
BRDA:106,30,0,24
BRDA:107,31,0,66
BRDA:110,32,0,24
BRDA:116,33,0,42
BRDA:121,34,0,3
BRDA:122,35,0,39
BRDA:126,36,0,42
BRDA:130,37,0,26
BRDA:132,38,0,16
BRDA:147,39,0,42
BRDA:148,40,0,42
BRDA:150,41,0,36
BRDA:151,42,0,6
BRDA:153,43,0,96
BRDA:154,44,0,22
BRDA:170,45,0,12
BRDA:171,46,0,84
BRDA:172,47,0,54
BRDA:174,48,0,30
BRDA:176,49,0,72
BRDA:178,50,0,30
BRDA:186,51,0,4
BRDA:189,52,0,6
BRDA:196,53,0,27
BRDA:203,54,0,6
BRDA:212,55,0,27
BRF:56
BRH:56
end_of_record
