TN:
SF:src/FaceValue.ts
FN:42,FaceValue
FN:63,get minimumLength
FN:74,compare
FN:81,copy
FNF:4
FNH:3
FNDA:6,FaceValue
FNDA:4,get minimumLength
FNDA:3,compare
FNDA:0,copy
DA:1,1
DA:2,1
DA:3,1
DA:4,1
DA:5,1
DA:6,1
DA:7,1
DA:8,1
DA:9,1
DA:10,1
DA:11,1
DA:12,1
DA:13,1
DA:14,1
DA:15,1
DA:16,1
DA:17,1
DA:18,1
DA:19,1
DA:20,1
DA:21,1
DA:22,1
DA:23,1
DA:24,1
DA:25,1
DA:26,1
DA:27,1
DA:28,1
DA:29,1
DA:30,1
DA:31,1
DA:32,1
DA:33,1
DA:34,1
DA:35,1
DA:36,1
DA:37,1
DA:38,1
DA:39,1
DA:40,1
DA:41,1
DA:42,1
DA:43,6
DA:44,6
DA:45,6
DA:46,6
DA:47,6
DA:48,6
DA:49,6
DA:50,6
DA:51,6
DA:52,2
DA:53,2
DA:54,2
DA:55,4
DA:56,4
DA:57,4
DA:58,4
DA:59,4
DA:60,4
DA:61,6
DA:62,1
DA:63,1
DA:64,4
DA:65,4
DA:66,4
DA:67,4
DA:68,4
DA:69,4
DA:70,1
DA:71,1
DA:72,1
DA:73,1
DA:74,1
DA:75,3
DA:76,3
DA:77,1
DA:78,1
DA:79,1
DA:80,1
DA:81,1
DA:82,0
DA:83,0
DA:84,0
DA:85,0
DA:86,0
DA:87,1
LF:87
LH:82
BRDA:42,0,0,6
BRDA:51,1,0,2
BRDA:55,2,0,4
BRDA:63,3,0,4
BRDA:66,4,0,0
BRDA:74,5,0,3
BRF:6
BRH:5
end_of_record
TN:
SF:src/Timer.ts
FN:9,<instance_members_initializer>
FN:46,Timer
FN:53,get elapsed
FN:64,get elapsedSinceLastLoop
FN:75,get isRunning
FN:82,get isStopped
FN:89,get lastLoop
FN:96,get started
FN:103,reset
FN:116,start
FN:120,loop
FN:139,stop
FNF:12
FNH:12
FNDA:1,<instance_members_initializer>
FNDA:1,Timer
FNDA:2,get elapsed
FNDA:2,get elapsedSinceLastLoop
FNDA:5,get isRunning
FNDA:4,get isStopped
FNDA:6,get lastLoop
FNDA:2,get started
FNDA:1,reset
FNDA:2,start
FNDA:2,loop
FNDA:2,stop
DA:1,1
DA:2,1
DA:3,1
DA:4,1
DA:5,1
DA:6,1
DA:7,1
DA:8,1
DA:9,1
DA:10,1
DA:11,1
DA:12,1
DA:13,1
DA:14,1
DA:15,1
DA:16,1
DA:17,1
DA:18,1
DA:19,1
DA:20,1
DA:21,1
DA:22,1
DA:23,1
DA:24,1
DA:25,1
DA:26,1
DA:27,1
DA:28,1
DA:29,1
DA:30,1
DA:31,1
DA:32,1
DA:33,1
DA:34,1
DA:35,1
DA:36,1
DA:37,1
DA:38,1
DA:39,1
DA:40,1
DA:41,1
DA:42,1
DA:43,1
DA:44,1
DA:45,1
DA:46,1
DA:47,1
DA:48,1
DA:49,1
DA:50,1
DA:51,1
DA:52,1
DA:53,1
DA:54,2
DA:55,1
DA:56,1
DA:57,1
DA:58,1
DA:59,1
DA:60,1
DA:61,1
DA:62,1
DA:63,1
DA:64,1
DA:65,2
DA:66,1
DA:67,1
DA:68,1
DA:69,1
DA:70,1
DA:71,1
DA:72,1
DA:73,1
DA:74,1
DA:75,1
DA:76,5
DA:77,5
DA:78,1
DA:79,1
DA:80,1
DA:81,1
DA:82,1
DA:83,4
DA:84,4
DA:85,1
DA:86,1
DA:87,1
DA:88,1
DA:89,1
DA:90,6
DA:91,6
DA:92,1
DA:93,1
DA:94,1
DA:95,1
DA:96,1
DA:97,2
DA:98,2
DA:99,1
DA:100,1
DA:101,1
DA:102,1
DA:103,1
DA:104,1
DA:105,1
DA:106,1
DA:107,1
DA:108,1
DA:109,1
DA:110,1
DA:111,1
DA:112,1
DA:113,1
DA:114,1
DA:115,1
DA:116,1
DA:117,2
DA:118,2
DA:119,2
DA:120,2
DA:121,2
DA:122,2
DA:123,2
DA:124,2
DA:125,2
DA:126,2
DA:127,2
DA:128,2
DA:129,2
DA:130,2
DA:131,2
DA:132,2
DA:133,2
DA:134,2
DA:135,1
DA:136,1
DA:137,1
DA:138,1
DA:139,1
DA:140,2
DA:141,2
DA:142,2
DA:143,2
DA:144,2
DA:145,2
DA:146,2
DA:147,2
DA:148,2
DA:149,2
DA:150,2
DA:151,2
DA:152,1
LF:152
LH:152
BRDA:9,0,0,1
BRDA:46,1,0,1
BRDA:53,2,0,2
BRDA:54,3,0,1
BRDA:64,4,0,2
BRDA:65,5,0,1
BRDA:75,6,0,5
BRDA:82,7,0,4
BRDA:89,8,0,6
BRDA:90,9,0,4
BRDA:96,10,0,2
BRDA:103,11,0,1
BRDA:104,12,0,1
BRDA:116,13,0,2
BRDA:120,14,0,2
BRDA:139,15,0,2
BRF:16
BRH:16
end_of_record
TN:
SF:src/VNode.ts
FN:9,<instance_members_initializer>
FN:39,VNode
FN:57,get isText
FN:61,get isComment
FN:65,get isElement
FNF:5
FNH:5
FNDA:64,<instance_members_initializer>
FNDA:64,VNode
FNDA:49,get isText
FNDA:15,get isComment
FNDA:15,get isElement
DA:1,1
DA:2,1
DA:3,1
DA:4,1
DA:5,1
DA:6,1
DA:7,1
DA:8,1
DA:9,1
DA:10,64
DA:11,64
DA:12,64
DA:13,64
DA:14,64
DA:15,64
DA:16,64
DA:17,64
DA:18,64
DA:19,64
DA:20,64
DA:21,64
DA:22,64
DA:23,64
DA:24,64
DA:25,64
DA:26,64
DA:27,64
DA:28,64
DA:29,64
DA:30,64
DA:31,64
DA:32,64
DA:33,64
DA:34,64
DA:35,64
DA:36,64
DA:37,64
DA:38,64
DA:39,64
DA:40,64
DA:41,64
DA:42,64
DA:43,64
DA:44,64
DA:45,64
DA:46,64
DA:47,64
DA:48,54
DA:49,28
DA:50,28
DA:51,26
DA:52,26
DA:53,26
DA:54,54
DA:55,64
DA:56,64
DA:57,64
DA:58,49
DA:59,49
DA:60,64
DA:61,64
DA:62,15
DA:63,15
DA:64,64
DA:65,64
DA:66,15
DA:67,15
DA:68,64
LF:68
LH:68
BRDA:9,0,0,64
BRDA:39,1,0,64
BRDA:47,2,0,54
BRDA:48,3,0,28
BRDA:51,4,0,26
BRDA:57,5,0,49
BRDA:61,6,0,15
BRDA:65,7,0,15
BRF:8
BRH:8
end_of_record
TN:
SF:src/helpers/charset.ts
FN:6,range
FN:13,characterRange
FN:24,fisherYatesShuffle
FN:41,defaultCharset
FN:86,useCharset
FN:98,createCharset
FN:112,nearest
FN:126,chunk
FN:152,next
FN:184,prev
FN:216,isBlacklisted
FN:223,isWhitelisted
FNF:12
FNH:10
FNDA:34,range
FNDA:30,characterRange
FNDA:2,fisherYatesShuffle
FNDA:9,defaultCharset
FNDA:9,useCharset
FNDA:9,createCharset
FNDA:0,nearest
FNDA:20,chunk
FNDA:0,next
FNDA:1,prev
FNDA:2,isBlacklisted
FNDA:2,isWhitelisted
DA:1,1
DA:2,1
DA:3,1
DA:4,1
DA:5,1
DA:6,1
DA:7,34
DA:8,34
DA:9,1
DA:10,1
DA:11,1
DA:12,1
DA:13,1
DA:14,30
DA:15,30
DA:16,30
DA:17,30
DA:18,30
DA:19,30
DA:20,1
DA:21,1
DA:22,1
DA:23,1
DA:24,1
DA:25,2
DA:26,2
DA:27,2
DA:28,136
DA:29,136
DA:30,136
DA:31,136
DA:32,136
DA:33,136
DA:34,2
DA:35,2
DA:36,2
DA:37,1
DA:38,1
DA:39,1
DA:40,1
DA:41,1
DA:42,9
DA:43,9
DA:44,9
DA:45,9
DA:46,9
DA:47,9
DA:48,9
DA:49,1
DA:50,1
DA:51,1
DA:52,1
DA:53,1
DA:54,1
DA:55,1
DA:56,1
DA:57,1
DA:58,1
DA:59,1
DA:60,1
DA:61,1
DA:62,1
DA:63,1
DA:64,1
DA:65,1
DA:66,1
DA:67,1
DA:68,1
DA:69,1
DA:70,1
DA:71,1
DA:72,1
DA:73,1
DA:74,1
DA:75,1
DA:76,1
DA:77,1
DA:78,1
DA:79,1
DA:80,1
DA:81,1
DA:82,1
DA:83,1
DA:84,1
DA:85,1
DA:86,1
DA:87,9
DA:88,9
DA:89,9
DA:90,9
DA:91,9
DA:92,2
DA:93,9
DA:94,9
DA:95,9
DA:96,9
DA:97,9
DA:98,9
DA:99,9
DA:100,9
DA:101,9
DA:102,9
DA:103,9
DA:104,9
DA:105,9
DA:106,9
DA:107,9
DA:108,9
DA:109,9
DA:110,9
DA:111,9
DA:112,9
DA:113,0
DA:114,0
DA:115,0
DA:116,0
DA:117,0
DA:118,0
DA:119,0
DA:120,0
DA:121,0
DA:122,9
DA:123,9
DA:124,9
DA:125,9
DA:126,9
DA:127,20
DA:128,20
DA:129,20
DA:130,8
DA:131,8
DA:132,20
DA:133,20
DA:134,20
DA:135,20
DA:136,8
DA:137,8
DA:138,8
DA:139,20
DA:140,20
DA:141,20
DA:142,20
DA:143,20
DA:144,20
DA:145,20
DA:146,20
DA:147,20
DA:148,9
DA:149,9
DA:150,9
DA:151,9
DA:152,9
DA:153,0
DA:154,0
DA:155,0
DA:156,0
DA:157,0
DA:158,0
DA:159,0
DA:160,0
DA:161,0
DA:162,0
DA:163,0
DA:164,0
DA:165,0
DA:166,0
DA:167,0
DA:168,0
DA:169,0
DA:170,0
DA:171,0
DA:172,0
DA:173,0
DA:174,0
DA:175,0
DA:176,0
DA:177,0
DA:178,0
DA:179,0
DA:180,9
DA:181,9
DA:182,9
DA:183,9
DA:184,9
DA:185,1
DA:186,0
DA:187,0
DA:188,1
DA:189,0
DA:190,0
DA:191,1
DA:192,1
DA:193,0
DA:194,0
DA:195,1
DA:196,1
DA:197,0
DA:198,0
DA:199,1
DA:200,1
DA:201,1
DA:202,1
DA:203,1
DA:204,1
DA:205,0
DA:206,1
DA:207,0
DA:208,0
DA:209,0
DA:210,0
DA:211,0
DA:212,9
DA:213,9
DA:214,9
DA:215,9
DA:216,9
DA:217,2
DA:218,2
DA:219,9
DA:220,9
DA:221,9
DA:222,9
DA:223,9
DA:224,2
DA:225,2
DA:226,9
DA:227,9
DA:228,9
DA:229,9
DA:230,9
DA:231,9
DA:232,9
DA:233,9
DA:234,9
DA:235,9
LF:235
LH:185
BRDA:6,0,0,34
BRDA:7,1,0,607
BRDA:13,2,0,30
BRDA:18,3,0,589
BRDA:24,4,0,2
BRDA:27,5,0,136
BRDA:41,6,0,9
BRDA:86,7,0,9
BRDA:87,8,0,7
BRDA:88,9,0,7
BRDA:89,10,0,8
BRDA:91,11,0,2
BRDA:92,12,0,1
BRDA:92,13,0,1
BRDA:98,14,0,9
BRDA:99,15,0,8
BRDA:101,16,0,2
BRDA:101,17,0,7
BRDA:126,18,0,20
BRDA:129,19,0,8
BRDA:135,20,0,8
BRDA:152,21,0,0
BRDA:184,22,0,1
BRDA:185,23,0,0
BRDA:185,24,0,0
BRDA:188,25,0,0
BRDA:192,26,0,0
BRDA:196,27,0,0
BRDA:204,28,0,0
BRDA:206,29,0,0
BRDA:216,30,0,2
BRDA:223,31,0,2
BRF:32
BRH:24
end_of_record
TN:
SF:src/helpers/date.ts
FN:101,getTwelveHourFormat
FN:107,pad
FN:114,useDateFormats
FN:118,A
FN:119,a
FN:120,Q
FN:121,YYYY
FN:122,YY
FN:123,MMMM
FN:124,MMM
FN:125,MM
FN:126,M
FN:127,DDDD
FN:128,DDD
FN:129,DD
FN:130,D
FN:131,HH
FN:132,H
FN:133,hh
FN:134,h
FN:135,mm
FN:136,m
FN:137,ss
FN:138,s
FN:139,vvvv
FN:140,vvv
FN:141,vv
FN:142,v
FN:149,define
FN:160,undefine
FN:171,format
FNF:31
FNH:31
FNDA:4,getTwelveHourFormat
FNDA:12,pad
FNDA:2,useDateFormats
FNDA:7,A
FNDA:2,a
FNDA:1,Q
FNDA:1,YYYY
FNDA:1,YY
FNDA:2,MMMM
FNDA:1,MMM
FNDA:1,MM
FNDA:1,M
FNDA:1,DDDD
FNDA:1,DDD
FNDA:1,DD
FNDA:1,D
FNDA:2,HH
FNDA:2,H
FNDA:2,hh
FNDA:2,h
FNDA:1,mm
FNDA:1,m
FNDA:1,ss
FNDA:1,s
FNDA:1,vvvv
FNDA:1,vvv
FNDA:1,vv
FNDA:1,v
FNDA:2,define
FNDA:2,undefine
FNDA:36,format
DA:1,1
DA:2,1
DA:3,1
DA:4,1
DA:5,1
DA:6,1
DA:7,1
DA:8,1
DA:9,1
DA:10,1
DA:11,1
DA:12,1
DA:13,1
DA:14,1
DA:15,1
DA:16,1
DA:17,1
DA:18,1
DA:19,1
DA:20,1
DA:21,1
DA:22,1
DA:23,1
DA:24,1
DA:25,1
DA:26,1
DA:27,1
DA:28,1
DA:29,1
DA:30,1
DA:31,1
DA:32,1
DA:33,1
DA:34,1
DA:35,1
DA:36,1
DA:37,1
DA:38,1
DA:39,1
DA:40,1
DA:41,1
DA:42,1
DA:43,1
DA:44,1
DA:45,1
DA:46,1
DA:47,1
DA:48,1
DA:49,1
DA:50,1
DA:51,1
DA:52,1
DA:53,1
DA:54,1
DA:55,1
DA:56,1
DA:57,1
DA:58,1
DA:59,1
DA:60,1
DA:61,1
DA:62,1
DA:63,1
DA:64,1
DA:65,1
DA:66,1
DA:67,1
DA:68,1
DA:69,1
DA:70,1
DA:71,1
DA:72,1
DA:73,1
DA:74,1
DA:75,1
DA:76,1
DA:77,1
DA:78,1
DA:79,1
DA:80,1
DA:81,1
DA:82,1
DA:83,1
DA:84,1
DA:85,1
DA:86,1
DA:87,1
DA:88,1
DA:89,1
DA:90,1
DA:91,1
DA:92,1
DA:93,1
DA:94,1
DA:95,1
DA:96,1
DA:97,1
DA:98,1
DA:99,1
DA:100,1
DA:101,1
DA:102,4
DA:103,4
DA:104,4
DA:105,4
DA:106,1
DA:107,1
DA:108,12
DA:109,12
DA:110,1
DA:111,1
DA:112,1
DA:113,1
DA:114,1
DA:115,2
DA:116,2
DA:117,2
DA:118,2
DA:119,2
DA:120,2
DA:121,2
DA:122,2
DA:123,2
DA:124,2
DA:125,2
DA:126,2
DA:127,2
DA:128,2
DA:129,2
DA:130,2
DA:131,2
DA:132,2
DA:133,2
DA:134,2
DA:135,2
DA:136,2
DA:137,2
DA:138,2
DA:139,2
DA:140,2
DA:141,2
DA:142,2
DA:143,2
DA:144,2
DA:145,2
DA:146,2
DA:147,2
DA:148,2
DA:149,2
DA:150,2
DA:151,1
DA:152,1
DA:153,1
DA:154,1
DA:155,1
DA:156,1
DA:157,1
DA:158,2
DA:159,2
DA:160,2
DA:161,2
DA:162,1
DA:163,1
DA:164,1
DA:165,1
DA:166,1
DA:167,1
DA:168,1
DA:169,2
DA:170,2
DA:171,2
DA:172,36
DA:173,3080
DA:174,360
DA:175,360
DA:176,2720
DA:177,3080
DA:178,1346
DA:179,1346
DA:180,1374
DA:181,1374
DA:182,36
DA:183,36
DA:184,36
DA:185,36
DA:186,36
DA:187,39
DA:188,39
DA:189,39
DA:190,36
DA:191,36
DA:192,2
DA:193,2
DA:194,2
LF:194
LH:194
BRDA:101,0,0,4
BRDA:104,1,0,2
BRDA:104,2,0,2
BRDA:107,3,0,12
BRDA:114,4,0,2
BRDA:118,5,0,7
BRDA:118,6,0,6
BRDA:118,7,0,1
BRDA:119,8,0,2
BRDA:119,9,0,1
BRDA:119,10,0,1
BRDA:120,11,0,1
BRDA:121,12,0,1
BRDA:122,13,0,1
BRDA:123,14,0,2
BRDA:124,15,0,1
BRDA:125,16,0,1
BRDA:126,17,0,1
BRDA:127,18,0,1
BRDA:128,19,0,1
BRDA:129,20,0,1
BRDA:130,21,0,1
BRDA:131,22,0,2
BRDA:132,23,0,2
BRDA:133,24,0,2
BRDA:134,25,0,2
BRDA:135,26,0,1
BRDA:136,27,0,1
BRDA:137,28,0,1
BRDA:138,29,0,1
BRDA:139,30,0,1
BRDA:140,31,0,1
BRDA:141,32,0,1
BRDA:142,33,0,1
BRDA:149,34,0,2
BRDA:150,35,0,1
BRDA:160,36,0,2
BRDA:161,37,0,1
BRDA:171,38,0,36
BRDA:172,39,0,3080
BRDA:173,40,0,360
BRDA:175,41,0,2720
BRDA:177,42,0,1346
BRDA:179,43,0,1374
BRDA:186,44,0,39
BRDA:189,45,0,1
BRDA:189,46,0,38
BRF:47
BRH:47
end_of_record
TN:
SF:src/helpers/dictionary.ts
FN:12,useDictionary
FN:15,translate
FN:31,define
FN:42,undefine
FNF:4
FNH:4
FNDA:2,useDictionary
FNDA:7,translate
FNDA:2,define
FNDA:2,undefine
DA:1,1
DA:2,1
DA:3,1
DA:4,1
DA:5,1
DA:6,1
DA:7,1
DA:8,1
DA:9,1
DA:10,1
DA:11,1
DA:12,1
DA:13,2
DA:14,2
DA:15,2
DA:16,7
DA:17,7
DA:18,7
DA:19,1
DA:20,1
DA:21,6
DA:22,7
DA:23,3
DA:24,3
DA:25,3
DA:26,3
DA:27,3
DA:28,2
DA:29,2
DA:30,2
DA:31,2
DA:32,2
DA:33,1
DA:34,1
DA:35,1
DA:36,1
DA:37,2
DA:38,2
DA:39,1
DA:40,2
DA:41,2
DA:42,2
DA:43,2
DA:44,1
DA:45,1
DA:46,1
DA:47,1
DA:48,1
DA:49,1
DA:50,1
DA:51,2
DA:52,2
DA:53,2
DA:54,2
DA:55,2
DA:56,2
DA:57,2
DA:58,2
DA:59,2
LF:59
LH:59
BRDA:12,0,0,2
BRDA:15,1,0,7
BRDA:18,2,0,1
BRDA:20,3,0,6
BRDA:22,4,0,3
BRDA:31,5,0,2
BRDA:32,6,0,1
BRDA:36,7,0,2
BRDA:42,8,0,2
BRDA:43,9,0,1
BRF:10
BRH:10
end_of_record
TN:
SF:src/helpers/digitizer.ts
FN:34,useDigitizer
FN:41,pad
FN:82,digitize
FN:83,stringify
FN:91,recurse
FN:111,undigitize
FN:112,recurse
FN:141,isDigitized
FN:142,recurse
FNF:9
FNH:8
FNDA:9,useDigitizer
FNDA:0,pad
FNDA:15,digitize
FNDA:30,stringify
FNDA:38,recurse
FNDA:12,undigitize
FNDA:23,recurse
FNDA:13,isDigitized
FNDA:22,recurse
DA:1,1
DA:2,1
DA:3,1
DA:4,1
DA:5,1
DA:6,1
DA:7,1
DA:8,1
DA:9,1
DA:10,1
DA:11,1
DA:12,1
DA:13,1
DA:14,1
DA:15,1
DA:16,1
DA:17,1
DA:18,1
DA:19,1
DA:20,1
DA:21,1
DA:22,1
DA:23,1
DA:24,1
DA:25,1
DA:26,1
DA:27,1
DA:28,1
DA:29,1
DA:30,1
DA:31,1
DA:32,1
DA:33,1
DA:34,1
DA:35,9
DA:36,9
DA:37,9
DA:38,9
DA:39,9
DA:40,9
DA:41,9
DA:42,0
DA:43,0
DA:44,0
DA:45,0
DA:46,0
DA:47,0
DA:48,0
DA:49,0
DA:50,0
DA:51,0
DA:52,0
DA:53,0
DA:54,0
DA:55,0
DA:56,0
DA:57,0
DA:58,0
DA:59,0
DA:60,0
DA:61,0
DA:62,0
DA:63,0
DA:64,0
DA:65,0
DA:66,0
DA:67,0
DA:68,0
DA:69,0
DA:70,0
DA:71,0
DA:72,0
DA:73,0
DA:74,0
DA:75,0
DA:76,9
DA:77,9
DA:78,9
DA:79,9
DA:80,9
DA:81,9
DA:82,9
DA:83,15
DA:84,30
DA:85,1
DA:86,1
DA:87,29
DA:88,30
DA:89,30
DA:90,15
DA:91,15
DA:92,38
DA:93,9
DA:94,23
DA:95,23
DA:96,9
DA:97,9
DA:98,9
DA:99,29
DA:100,29
DA:101,29
DA:102,15
DA:103,15
DA:104,15
DA:105,9
DA:106,9
DA:107,9
DA:108,9
DA:109,9
DA:110,9
DA:111,9
DA:112,12
DA:113,23
DA:114,23
DA:115,23
DA:116,23
DA:117,23
DA:118,51
DA:119,11
DA:120,11
DA:121,11
DA:122,11
DA:123,11
DA:124,11
DA:125,40
DA:126,51
DA:127,23
DA:128,23
DA:129,23
DA:130,23
DA:131,40
DA:132,40
DA:133,40
DA:134,23
DA:135,23
DA:136,23
DA:137,12
DA:138,12
DA:139,12
DA:140,9
DA:141,9
DA:142,13
DA:143,22
DA:144,6
DA:145,6
DA:146,16
DA:147,22
DA:148,27
DA:149,14
DA:150,14
DA:151,13
DA:152,27
DA:153,3
DA:154,3
DA:155,10
DA:156,1
DA:157,1
DA:158,9
DA:159,27
DA:160,3
DA:161,3
DA:162,27
DA:163,10
DA:164,10
DA:165,10
DA:166,13
DA:167,13
DA:168,13
DA:169,9
DA:170,9
DA:171,9
DA:172,9
DA:173,9
DA:174,9
DA:175,9
DA:176,9
LF:176
LH:142
BRDA:34,0,0,9
BRDA:82,1,0,15
BRDA:83,2,0,30
BRDA:84,3,0,1
BRDA:86,4,0,29
BRDA:88,5,0,17
BRDA:88,6,0,12
BRDA:91,7,0,38
BRDA:92,8,0,9
BRDA:93,9,0,23
BRDA:98,10,0,29
BRDA:111,11,0,12
BRDA:112,12,0,23
BRDA:117,13,0,51
BRDA:118,14,0,11
BRDA:124,15,0,40
BRDA:126,16,0,23
BRDA:130,17,0,40
BRDA:135,18,0,9
BRDA:135,19,0,14
BRDA:141,20,0,13
BRDA:142,21,0,22
BRDA:143,22,0,6
BRDA:145,23,0,16
BRDA:147,24,0,27
BRDA:148,25,0,16
BRDA:148,26,0,14
BRDA:150,27,0,13
BRDA:152,28,0,3
BRDA:155,29,0,10
BRDA:155,30,0,1
BRDA:157,31,0,9
BRDA:159,32,0,3
BRDA:162,33,0,10
BRF:34
BRH:34
end_of_record
TN:
SF:src/helpers/dom.ts
FN:20,isComment
FN:27,isDomElement
FN:36,bindEvents
FN:52,unbindEvents
FN:68,setAttributes
FN:81,h
FN:129,createElement
FN:131,text
FN:132,comment
FN:133,element
FN:144,getNodeType
FN:158,shouldReplaceElement
FN:166,instersectAttributes
FN:209,diffAttributes
FN:231,diff
FN:272,render
FNF:16
FNH:14
FNDA:28,isComment
FNDA:28,isDomElement
FNDA:38,bindEvents
FNDA:0,unbindEvents
FNDA:15,setAttributes
FNDA:64,h
FNDA:34,createElement
FNDA:19,text
FNDA:0,comment
FNDA:15,element
FNDA:43,getNodeType
FNDA:43,shouldReplaceElement
FNDA:24,instersectAttributes
FNDA:23,diffAttributes
FNDA:43,diff
FNDA:34,render
DA:1,1
DA:2,1
DA:3,1
DA:4,1
DA:5,1
DA:6,1
DA:7,1
DA:8,1
DA:9,1
DA:10,1
DA:11,1
DA:12,1
DA:13,1
DA:14,1
DA:15,1
DA:16,1
DA:17,1
DA:18,1
DA:19,1
DA:20,1
DA:21,28
DA:22,28
DA:23,1
DA:24,1
DA:25,1
DA:26,1
DA:27,1
DA:28,28
DA:29,28
DA:30,1
DA:31,1
DA:32,1
DA:33,1
DA:34,1
DA:35,1
DA:36,1
DA:37,38
DA:38,28
DA:39,27
DA:40,27
DA:41,1
DA:42,1
DA:43,28
DA:44,28
DA:45,28
DA:46,28
DA:47,38
DA:48,1
DA:49,1
DA:50,1
DA:51,1
DA:52,1
DA:53,0
DA:54,0
DA:55,0
DA:56,0
DA:57,0
DA:58,0
DA:59,0
DA:60,0
DA:61,0
DA:62,0
DA:63,0
DA:64,1
DA:65,1
DA:66,1
DA:67,1
DA:68,1
DA:69,15
DA:70,7
DA:71,0
DA:72,0
DA:73,7
DA:74,7
DA:75,7
DA:76,15
DA:77,1
DA:78,1
DA:79,1
DA:80,1
DA:81,1
DA:82,64
DA:83,64
DA:84,64
DA:85,64
DA:86,64
DA:87,0
DA:88,0
DA:89,64
DA:90,64
DA:91,64
DA:92,19
DA:93,64
DA:94,64
DA:95,64
DA:96,6
DA:97,6
DA:98,58
DA:99,6
DA:100,6
DA:101,52
DA:102,52
DA:103,52
DA:104,64
DA:105,64
DA:106,52
DA:107,24
DA:108,24
DA:109,28
DA:110,52
DA:111,0
DA:112,0
DA:113,28
DA:114,52
DA:115,0
DA:116,0
DA:117,0
DA:118,0
DA:119,28
DA:120,28
DA:121,28
DA:122,28
DA:123,64
DA:124,64
DA:125,1
DA:126,1
DA:127,1
DA:128,1
DA:129,1
DA:130,34
DA:131,34
DA:132,34
DA:133,34
DA:134,34
DA:135,34
DA:136,34
DA:137,19
DA:138,34
DA:139,34
DA:140,1
DA:141,1
DA:142,1
DA:143,1
DA:144,1
DA:145,43
DA:146,43
DA:147,43
DA:148,23
DA:149,23
DA:150,23
DA:151,43
DA:152,1
DA:153,1
DA:154,1
DA:155,1
DA:156,1
DA:157,1
DA:158,1
DA:159,43
DA:160,43
DA:161,43
DA:162,1
DA:163,1
DA:164,1
DA:165,1
DA:166,1
DA:167,24
DA:168,24
DA:169,24
DA:170,23
DA:171,23
DA:172,23
DA:173,1
DA:174,1
DA:175,22
DA:176,23
DA:177,8
DA:178,8
DA:179,8
DA:180,8
DA:181,8
DA:182,14
DA:183,6
DA:184,6
DA:185,6
DA:186,6
DA:187,6
DA:188,6
DA:189,23
DA:190,24
DA:191,24
DA:192,24
DA:193,21
DA:194,7
DA:195,7
DA:196,7
DA:197,7
DA:198,7
DA:199,21
DA:200,24
DA:201,24
DA:202,24
DA:203,24
DA:204,24
DA:205,1
DA:206,1
DA:207,1
DA:208,1
DA:209,1
DA:210,23
DA:211,23
DA:212,23
DA:213,23
DA:214,7
DA:215,7
DA:216,23
DA:217,23
DA:218,23
DA:219,5
DA:220,5
DA:221,23
DA:222,23
DA:223,23
DA:224,6
DA:225,6
DA:226,23
DA:227,1
DA:228,1
DA:229,1
DA:230,1
DA:231,1
DA:232,43
DA:233,43
DA:234,43
DA:235,7
DA:236,7
DA:237,7
DA:238,7
DA:239,36
DA:240,43
DA:241,23
DA:242,23
DA:243,23
DA:244,23
DA:245,23
DA:246,0
DA:247,0
DA:248,23
DA:249,23
DA:250,23
DA:251,23
DA:252,36
DA:253,36
DA:254,36
DA:255,43
DA:256,2
DA:257,2
DA:258,36
DA:259,36
DA:260,43
DA:261,35
DA:262,4
DA:263,4
DA:264,35
DA:265,35
DA:266,35
DA:267,36
DA:268,1
DA:269,1
DA:270,1
DA:271,1
DA:272,1
DA:273,34
DA:274,34
DA:275,34
DA:276,34
DA:277,19
DA:278,19
DA:279,19
DA:280,19
DA:281,15
DA:282,15
DA:283,15
DA:284,15
DA:285,15
DA:286,34
DA:287,34
DA:288,34
DA:289,19
DA:290,19
DA:291,34
DA:292,34
DA:293,34
DA:294,34
LF:294
LH:271
BRDA:20,0,0,28
BRDA:27,1,0,28
BRDA:28,2,0,0
BRDA:36,3,0,38
BRDA:37,4,0,28
BRDA:38,5,0,27
BRDA:40,6,0,1
BRDA:43,7,0,0
BRDA:68,8,0,15
BRDA:69,9,0,7
BRDA:70,10,0,0
BRDA:81,11,0,64
BRDA:86,12,0,0
BRDA:91,13,0,45
BRDA:92,14,0,19
BRDA:93,15,0,45
BRDA:93,16,0,40
BRDA:95,17,0,58
BRDA:95,18,0,6
BRDA:98,19,0,58
BRDA:98,20,0,6
BRDA:101,21,0,52
BRDA:105,22,0,52
BRDA:106,23,0,24
BRDA:108,24,0,28
BRDA:110,25,0,0
BRDA:112,26,0,28
BRDA:114,27,0,0
BRDA:118,28,0,28
BRDA:123,29,0,52
BRDA:129,30,0,34
BRDA:137,31,0,19
BRDA:138,32,0,15
BRDA:131,33,0,19
BRDA:133,34,0,15
BRDA:144,35,0,43
BRDA:145,36,0,20
BRDA:145,37,0,23
BRDA:146,38,0,0
BRDA:146,39,0,23
BRDA:147,40,0,0
BRDA:147,41,0,23
BRDA:151,42,0,0
BRDA:158,43,0,43
BRDA:160,44,0,40
BRDA:160,45,0,17
BRDA:166,46,0,24
BRDA:169,47,0,23
BRDA:172,48,0,1
BRDA:174,49,0,22
BRDA:176,50,0,8
BRDA:182,51,0,14
BRDA:182,52,0,6
BRDA:192,53,0,21
BRDA:193,54,0,7
BRDA:209,55,0,23
BRDA:213,56,0,7
BRDA:218,57,0,5
BRDA:223,58,0,6
BRDA:231,59,0,43
BRDA:234,60,0,7
BRDA:238,61,0,36
BRDA:240,62,0,23
BRDA:245,63,0,0
BRDA:251,64,0,36
BRDA:255,65,0,2
BRDA:257,66,0,36
BRDA:260,67,0,35
BRDA:261,68,0,4
BRDA:265,69,0,0
BRDA:266,70,0,36
BRDA:272,71,0,34
BRDA:276,72,0,19
BRDA:279,73,0,0
BRDA:280,74,0,15
BRDA:288,75,0,19
BRF:76
BRH:64
end_of_record
TN:
SF:src/helpers/functions.ts
FN:6,call
FNF:1
FNH:1
FNDA:4,call
DA:1,1
DA:2,1
DA:3,1
DA:4,1
DA:5,1
DA:6,1
DA:7,4
DA:8,4
LF:8
LH:8
BRDA:6,0,0,4
BRF:1
BRH:1
end_of_record
TN:
SF:src/helpers/sequencer.ts
FN:9,castDigitizedString
FN:20,castDigitizedValues
FN:39,castDigitizedGroup
FN:58,isDigitizedValues
FN:66,isDigitizedGroup
FN:104,matchArrayStructure
FN:117,recurse
FN:345,useSequencer
FNF:8
FNH:7
FNDA:86,castDigitizedString
FNDA:35,castDigitizedValues
FNDA:26,castDigitizedGroup
FNDA:123,isDigitizedValues
FNDA:237,isDigitizedGroup
FNDA:31,matchArrayStructure
FNDA:145,recurse
FNDA:0,useSequencer
DA:1,1
DA:2,1
DA:3,1
DA:4,1
DA:5,1
DA:6,1
DA:7,1
DA:8,1
DA:9,1
DA:10,86
DA:11,11
DA:12,11
DA:13,75
DA:14,75
DA:15,75
DA:16,1
DA:17,1
DA:18,1
DA:19,1
DA:20,1
DA:21,35
DA:22,7
DA:23,7
DA:24,28
DA:25,35
DA:26,26
DA:27,26
DA:28,2
DA:29,35
DA:30,1
DA:31,1
DA:32,1
DA:33,1
DA:34,1
DA:35,1
DA:36,1
DA:37,1
DA:38,1
DA:39,1
DA:40,26
DA:41,15
DA:42,15
DA:43,11
DA:44,26
DA:45,9
DA:46,9
DA:47,2
DA:48,26
DA:49,1
DA:50,1
DA:51,1
DA:52,1
DA:53,1
DA:54,1
DA:55,1
DA:56,1
DA:57,1
DA:58,1
DA:59,123
DA:60,123
DA:61,1
DA:62,1
DA:63,1
DA:64,1
DA:65,1
DA:66,1
DA:67,237
DA:68,110
DA:69,110
DA:70,127
DA:71,237
DA:72,249
DA:73,44
DA:74,44
DA:75,249
DA:76,83
DA:77,83
DA:78,83
DA:79,1
DA:80,1
DA:81,1
DA:82,1
DA:83,1
DA:84,1
DA:85,1
DA:86,1
DA:87,1
DA:88,1
DA:89,1
DA:90,1
DA:91,1
DA:92,1
DA:93,1
DA:94,1
DA:95,1
DA:96,1
DA:97,1
DA:98,1
DA:99,1
DA:100,1
DA:101,1
DA:102,1
DA:103,1
DA:104,1
DA:105,31
DA:106,31
DA:107,0
DA:108,0
DA:109,0
DA:110,31
DA:111,16
DA:112,16
DA:113,31
DA:114,31
DA:115,31
DA:116,31
DA:117,31
DA:118,145
DA:119,145
DA:120,145
DA:121,22
DA:122,22
DA:123,22
DA:124,22
DA:125,22
DA:126,22
DA:127,44
DA:128,44
DA:129,44
DA:130,44
DA:131,8
DA:132,44
DA:133,44
DA:134,22
DA:135,22
DA:136,22
DA:137,22
DA:138,42
DA:139,2
DA:140,2
DA:141,42
DA:142,22
DA:143,22
DA:144,22
DA:145,123
DA:146,123
DA:147,123
DA:148,145
DA:149,31
DA:150,31
DA:151,31
DA:152,31
DA:153,31
DA:154,31
DA:155,16
DA:156,16
DA:157,16
DA:158,26
DA:159,26
DA:160,26
DA:161,4
DA:162,4
DA:163,22
DA:164,22
DA:165,22
DA:166,26
DA:167,16
DA:168,15
DA:169,15
DA:170,15
DA:171,15
DA:172,23
DA:173,23
DA:174,23
DA:175,23
DA:176,23
DA:177,23
DA:178,2
DA:179,2
DA:180,21
DA:181,21
DA:182,21
DA:183,23
DA:184,15
DA:185,31
DA:186,31
DA:187,31
DA:188,31
DA:189,31
DA:190,31
DA:191,31
DA:192,31
DA:193,31
DA:194,31
DA:195,31
DA:196,31
DA:197,31
DA:198,31
DA:199,31
DA:200,31
DA:201,31
DA:202,31
DA:203,31
DA:204,31
DA:205,31
DA:206,31
DA:207,31
DA:208,31
DA:209,31
DA:210,31
DA:211,31
DA:212,31
DA:213,31
DA:214,31
DA:215,31
DA:216,31
DA:217,31
DA:218,31
DA:219,31
DA:220,31
DA:221,31
DA:222,21
DA:223,21
DA:224,21
DA:225,21
DA:226,21
DA:227,21
DA:228,21
DA:229,0
DA:230,0
DA:231,0
DA:232,0
DA:233,31
DA:234,31
DA:235,31
DA:236,92
DA:237,92
DA:238,92
DA:239,92
DA:240,92
DA:241,92
DA:242,92
DA:243,0
DA:244,145
DA:245,145
DA:246,31
DA:247,31
DA:248,31
DA:249,31
DA:250,1
DA:251,1
DA:252,1
DA:253,1
DA:254,1
DA:255,1
DA:256,1
DA:257,1
DA:258,1
DA:259,1
DA:260,1
DA:261,1
DA:262,1
DA:263,1
DA:264,1
DA:265,1
DA:266,1
DA:267,1
DA:268,1
DA:269,1
DA:270,1
DA:271,1
DA:272,1
DA:273,1
DA:274,1
DA:275,1
DA:276,1
DA:277,1
DA:278,1
DA:279,1
DA:280,1
DA:281,1
DA:282,1
DA:283,1
DA:284,1
DA:285,1
DA:286,1
DA:287,1
DA:288,1
DA:289,1
DA:290,1
DA:291,1
DA:292,1
DA:293,1
DA:294,1
DA:295,1
DA:296,1
DA:297,1
DA:298,1
DA:299,1
DA:300,1
DA:301,1
DA:302,1
DA:303,1
DA:304,1
DA:305,1
DA:306,1
DA:307,1
DA:308,1
DA:309,1
DA:310,1
DA:311,1
DA:312,1
DA:313,1
DA:314,1
DA:315,1
DA:316,1
DA:317,1
DA:318,1
DA:319,1
DA:320,1
DA:321,1
DA:322,1
DA:323,1
DA:324,1
DA:325,1
DA:326,1
DA:327,1
DA:328,1
DA:329,1
DA:330,1
DA:331,1
DA:332,1
DA:333,1
DA:334,1
DA:335,1
DA:336,1
DA:337,1
DA:338,1
DA:339,1
DA:340,1
DA:341,1
DA:342,1
DA:343,1
DA:344,1
DA:345,1
DA:346,0
DA:347,0
DA:348,0
DA:349,0
DA:350,0
DA:351,0
DA:352,0
DA:353,0
DA:354,0
DA:355,0
DA:356,0
DA:357,0
DA:358,0
DA:359,0
DA:360,0
DA:361,0
DA:362,0
DA:363,0
DA:364,0
DA:365,0
DA:366,0
DA:367,0
DA:368,0
DA:369,0
DA:370,0
DA:371,0
DA:372,0
DA:373,0
DA:374,0
DA:375,0
DA:376,0
DA:377,0
LF:377
LH:337
BRDA:9,0,0,86
BRDA:10,1,0,11
BRDA:12,2,0,75
BRDA:20,3,0,35
BRDA:21,4,0,7
BRDA:23,5,0,28
BRDA:25,6,0,26
BRDA:27,7,0,2
BRDA:29,8,0,1
BRDA:39,9,0,26
BRDA:40,10,0,15
BRDA:42,11,0,11
BRDA:44,12,0,9
BRDA:46,13,0,2
BRDA:48,14,0,1
BRDA:58,15,0,123
BRDA:59,16,0,31
BRDA:66,17,0,237
BRDA:67,18,0,141
BRDA:67,19,0,110
BRDA:69,20,0,127
BRDA:71,21,0,249
BRDA:72,22,0,44
BRDA:75,23,0,83
BRDA:104,24,0,31
BRDA:106,25,0,0
BRDA:110,26,0,16
BRDA:114,27,0,16
BRDA:117,28,0,145
BRDA:120,29,0,22
BRDA:126,30,0,11
BRDA:126,31,0,11
BRDA:126,32,0,33
BRDA:126,33,0,33
BRDA:126,34,0,44
BRDA:131,35,0,8
BRDA:132,36,0,36
BRDA:137,37,0,42
BRDA:138,38,0,2
BRDA:144,39,0,123
BRDA:148,40,0,31
BRDA:154,41,0,16
BRDA:157,42,0,26
BRDA:160,43,0,4
BRDA:163,44,0,22
BRDA:168,45,0,15
BRDA:171,46,0,23
BRDA:177,47,0,2
BRDA:180,48,0,21
BRDA:221,49,0,16
BRDA:221,50,0,15
BRDA:221,51,0,16
BRDA:221,52,0,15
BRDA:221,53,0,0
BRDA:221,54,0,0
BRDA:221,55,0,21
BRDA:228,56,0,0
BRDA:235,57,0,92
BRDA:243,58,0,0
BRDA:244,59,0,92
BRDA:244,60,0,21
BRDA:244,61,0,71
BRF:62
BRH:57
end_of_record
TN:
SF:src/helpers/walker.ts
FN:26,useWalker
FN:125,stopAfterChanges
FNF:2
FNH:0
FNDA:0,useWalker
FNDA:0,stopAfterChanges
DA:1,1
DA:2,1
DA:3,1
DA:4,1
DA:5,1
DA:6,1
DA:7,1
DA:8,1
DA:9,1
DA:10,1
DA:11,1
DA:12,1
DA:13,1
DA:14,1
DA:15,1
DA:16,1
DA:17,1
DA:18,1
DA:19,1
DA:20,1
DA:21,1
DA:22,1
DA:23,1
DA:24,1
DA:25,1
DA:26,1
DA:27,0
DA:28,0
DA:29,0
DA:30,0
DA:31,0
DA:32,0
DA:33,0
DA:34,0
DA:35,0
DA:36,0
DA:37,0
DA:38,0
DA:39,0
DA:40,0
DA:41,0
DA:42,0
DA:43,0
DA:44,0
DA:45,0
DA:46,0
DA:47,0
DA:48,0
DA:49,0
DA:50,0
DA:51,0
DA:52,0
DA:53,1
DA:54,1
DA:55,1
DA:56,1
DA:57,1
DA:58,1
DA:59,1
DA:60,1
DA:61,1
DA:62,1
DA:63,1
DA:64,1
DA:65,1
DA:66,1
DA:67,1
DA:68,1
DA:69,1
DA:70,1
DA:71,1
DA:72,1
DA:73,1
DA:74,1
DA:75,1
DA:76,1
DA:77,1
DA:78,1
DA:79,1
DA:80,1
DA:81,1
DA:82,1
DA:83,1
DA:84,1
DA:85,1
DA:86,1
DA:87,1
DA:88,1
DA:89,1
DA:90,1
DA:91,1
DA:92,1
DA:93,1
DA:94,1
DA:95,1
DA:96,1
DA:97,1
DA:98,1
DA:99,1
DA:100,1
DA:101,1
DA:102,1
DA:103,1
DA:104,1
DA:105,1
DA:106,1
DA:107,1
DA:108,1
DA:109,1
DA:110,1
DA:111,1
DA:112,1
DA:113,1
DA:114,1
DA:115,1
DA:116,1
DA:117,1
DA:118,1
DA:119,1
DA:120,1
DA:121,1
DA:122,1
DA:123,1
DA:124,1
DA:125,1
DA:126,0
DA:127,0
DA:128,0
DA:129,0
DA:130,0
DA:131,0
DA:132,0
DA:133,0
LF:133
LH:99
BRF:0
BRH:0
end_of_record
